<?xml version="1.0" encoding="UTF-8"?>
<!-- Generated by org.testng.reporters.JUnitReportReporter -->
<testsuite hostname="UPENDAR1998" failures="0" tests="2" name="Organization_Tests.Create_OrganizationTest" time="26.387" errors="0" timestamp="2023-04-09T22:27:29 IST" skipped="0">
  <testcase classname="Organization_Tests.Create_OrganizationTest" name="sampleTest" time="6.278"/>
  <system-out/>
  <testcase classname="Organization_Tests.Create_OrganizationTest" name="createOrganization" time="20.109"/>
  <system-out>
    <![CDATA[Click on Organizations Link Sucess
Click on Organization lookup image Sucessful
Enter Organization name Using Excel utility Sucessful
Organization Created Sucessfully]]>
  </system-out>
</testsuite> <!-- Organization_Tests.Create_OrganizationTest -->
