<?xml version="1.0" encoding="UTF-8"?>
<!-- Generated by org.testng.reporters.JUnitReportReporter -->
<testsuite hostname="UPENDAR1998" failures="0" tests="1" name="practiceTests.samplerunTest" time="10.713" errors="0" timestamp="2023-04-09T20:04:41 IST" skipped="0">
  <testcase classname="practiceTests.samplerunTest" name="practiceTest1" time="10.713"/>
  <system-out/>
</testsuite> <!-- practiceTests.samplerunTest -->
