<?xml version="1.0" encoding="UTF-8"?>
<!-- Generated by org.testng.reporters.JUnitReportReporter -->
<testsuite hostname="UPENDAR1998" failures="0" tests="1" name="Organization_Tests.Organization_WithIndustry" time="19.696" errors="0" timestamp="2023-04-09T22:57:01 IST" skipped="0">
  <testcase classname="Organization_Tests.Organization_WithIndustry" name="createOrganizationWith_Industry" time="19.696"/>
  <system-out/>
</testsuite> <!-- Organization_Tests.Organization_WithIndustry -->
